app/build/outputs/logs/manifest-merger-dema-debug-report.txt
-- Merging decision tree log ---
meta-data#UMENG_APPKEY
INJECTED from src\main\AndroidManifest.xml:380:9-382:47
	android:value
		INJECTED from src\main\AndroidManifest.xml
		ADDED from src\main\AndroidManifest.xml:382:13-44
	android:name
		ADDED from src\main\AndroidManifest.xml:381:13-40
meta-data#UMENG_CHANNEL
INJECTED from src\main\AndroidManifest.xml:383:9-385:54
	android:value
		INJECTED from src\main\AndroidManifest.xml
		ADDED from src\main\AndroidManifest.xml:385:13-51
	android:name
		ADDED from src\main\AndroidManifest.xml:384:13-41
manifest
ADDED from src\main\AndroidManifest.xml:2:1-519:12
INJECTED from src\main\AndroidManifest.xml:2:1-519:12
INJECTED from src\main\AndroidManifest.xml:2:1-519:12
INJECTED from src\main\AndroidManifest.xml:2:1-519:12
MERGED from [:giraffeplayer] AndroidManifest.xml:2:1-24:12
MERGED from [com.jcodecraeer:xrecyclerview:1.3.2] AndroidManifest.xml:2:1-13:12
MERGED from [com.android.support:design:23.4.0] AndroidManifest.xml:17:1-24:12
MERGED from [com.zhy:base-rvadapter:3.0.3] AndroidManifest.xml:2:1-12:12
MERGED from [com.github.danylovolokh:list-visibility-utils:0.2.0] AndroidManifest.xml:2:1-16:12
MERGED from [com.android.support:recyclerview-v7:23.4.0] AndroidManifest.xml:17:1-22:12
MERGED from [com.bigkoo:convenientbanner:2.0.5] AndroidManifest.xml:2:1-9:12
MERGED from [com.zhy:flowlayout-lib:1.0.3] AndroidManifest.xml:2:1-12:12
MERGED from [com.android.support:appcompat-v7:24.1.1] AndroidManifest.xml:17:1-27:12
MERGED from [com.android.support:animated-vector-drawable:24.1.1] AndroidManifest.xml:17:1-24:12
MERGED from [com.android.support:support-vector-drawable:24.1.1] AndroidManifest.xml:17:1-25:12
MERGED from [com.android.support:support-v4:24.1.1] AndroidManifest.xml:17:1-27:12
MERGED from [com.android.support:cardview-v7:23.1.1] AndroidManifest.xml:17:1-24:12
MERGED from [com.orhanobut:logger:1.11] AndroidManifest.xml:2:1-12:12
MERGED from [com.android.support:multidex:1.0.2] AndroidManifest.xml:17:1-22:12
MERGED from [com.github.wseemann:FFmpegMediaMetadataRetriever:1.0.11] AndroidManifest.xml:2:1-13:12
MERGED from [io.reactivex:rxandroid:1.1.0] AndroidManifest.xml:15:1-21:12
MERGED from [com.android.support.constraint:constraint-layout:1.0.2] AndroidManifest.xml:2:1-11:12
MERGED from [:ijkplayer-java] AndroidManifest.xml:2:1-9:12
INJECTED from src\main\AndroidManifest.xml:2:1-519:12
INJECTED from src\main\AndroidManifest.xml:2:1-519:12
INJECTED from src\main\AndroidManifest.xml:2:1-519:12
	package
		ADDED from src\main\AndroidManifest.xml:4:5-39
		INJECTED from src\main\AndroidManifest.xml
		INJECTED from src\main\AndroidManifest.xml
	android:versionName
		INJECTED from src\main\AndroidManifest.xml
		ADDED from src\main\AndroidManifest.xml:2:1-519:12
		INJECTED from src\main\AndroidManifest.xml
	xmlns:tools
		ADDED from src\main\AndroidManifest.xml:3:5-51
	android:versionCode
		INJECTED from src\main\AndroidManifest.xml
		ADDED from src\main\AndroidManifest.xml:2:1-519:12
		INJECTED from src\main\AndroidManifest.xml
	xmlns:android
		ADDED from src\main\AndroidManifest.xml:2:11-69
uses-sdk
ADDED from src\main\AndroidManifest.xml:6:5-7:94
INJECTED from src\main\AndroidManifest.xml:6:5-7:94
INJECTED from src\main\AndroidManifest.xml:6:5-7:94
MERGED from [:giraffeplayer] AndroidManifest.xml:7:5-9:41
MERGED from [:giraffeplayer] AndroidManifest.xml:7:5-9:41
MERGED from [com.jcodecraeer:xrecyclerview:1.3.2] AndroidManifest.xml:7:5-9:41
MERGED from [com.jcodecraeer:xrecyclerview:1.3.2] AndroidManifest.xml:7:5-9:41
MERGED from [com.android.support:design:23.4.0] AndroidManifest.xml:20:5-43
MERGED from [com.android.support:design:23.4.0] AndroidManifest.xml:20:5-43
MERGED from [com.zhy:base-rvadapter:3.0.3] AndroidManifest.xml:8:5-10:41
MERGED from [com.zhy:base-rvadapter:3.0.3] AndroidManifest.xml:8:5-10:41
MERGED from [com.github.danylovolokh:list-visibility-utils:0.2.0] AndroidManifest.xml:7:5-9:41
MERGED from [com.github.danylovolokh:list-visibility-utils:0.2.0] AndroidManifest.xml:7:5-9:41
MERGED from [com.android.support:recyclerview-v7:23.4.0] AndroidManifest.xml:20:5-43
MERGED from [com.android.support:recyclerview-v7:23.4.0] AndroidManifest.xml:20:5-43
MERGED from [com.bigkoo:convenientbanner:2.0.5] AndroidManifest.xml:7:5-44
MERGED from [com.bigkoo:convenientbanner:2.0.5] AndroidManifest.xml:7:5-44
MERGED from [com.zhy:flowlayout-lib:1.0.3] AndroidManifest.xml:8:5-10:41
MERGED from [com.zhy:flowlayout-lib:1.0.3] AndroidManifest.xml:8:5-10:41
MERGED from [com.android.support:appcompat-v7:24.1.1] AndroidManifest.xml:21:5-23:78
MERGED from [com.android.support:appcompat-v7:24.1.1] AndroidManifest.xml:21:5-23:78
MERGED from [com.android.support:animated-vector-drawable:24.1.1] AndroidManifest.xml:20:5-44
MERGED from [com.android.support:animated-vector-drawable:24.1.1] AndroidManifest.xml:20:5-44
MERGED from [com.android.support:support-vector-drawable:24.1.1] AndroidManifest.xml:21:5-43
MERGED from [com.android.support:support-vector-drawable:24.1.1] AndroidManifest.xml:21:5-43
MERGED from [com.android.support:support-v4:24.1.1] AndroidManifest.xml:21:5-23:54
MERGED from [com.android.support:support-v4:24.1.1] AndroidManifest.xml:21:5-23:54
MERGED from [com.android.support:cardview-v7:23.1.1] AndroidManifest.xml:20:5-43
MERGED from [com.android.support:cardview-v7:23.1.1] AndroidManifest.xml:20:5-43
MERGED from [com.orhanobut:logger:1.11] AndroidManifest.xml:8:5-10:41
MERGED from [com.orhanobut:logger:1.11] AndroidManifest.xml:8:5-10:41
MERGED from [com.android.support:multidex:1.0.2] AndroidManifest.xml:20:5-43
MERGED from [com.android.support:multidex:1.0.2] AndroidManifest.xml:20:5-43
MERGED from [com.github.wseemann:FFmpegMediaMetadataRetriever:1.0.11] AndroidManifest.xml:7:5-9:41
MERGED from [com.github.wseemann:FFmpegMediaMetadataRetriever:1.0.11] AndroidManifest.xml:7:5-9:41
MERGED from [io.reactivex:rxandroid:1.1.0] AndroidManifest.xml:19:5-43
MERGED from [io.reactivex:rxandroid:1.1.0] AndroidManifest.xml:19:5-43
MERGED from [com.android.support.constraint:constraint-layout:1.0.2] AndroidManifest.xml:5:5-7:41
MERGED from [com.android.support.constraint:constraint-layout:1.0.2] AndroidManifest.xml:5:5-7:41
MERGED from [:ijkplayer-java] AndroidManifest.xml:5:5-7:41
MERGED from [:ijkplayer-java] AndroidManifest.xml:5:5-7:41
INJECTED from src\main\AndroidManifest.xml:6:5-7:94
INJECTED from src\main\AndroidManifest.xml:6:5-7:94
	tools:overrideLibrary
		ADDED from src\main\AndroidManifest.xml:7:9-91
	android:targetSdkVersion
		INJECTED from src\main\AndroidManifest.xml
		ADDED from src\main\AndroidManifest.xml:6:5-7:94
		INJECTED from src\main\AndroidManifest.xml
	android:minSdkVersion
		INJECTED from src\main\AndroidManifest.xml
		ADDED from src\main\AndroidManifest.xml:6:5-7:94
		INJECTED from src\main\AndroidManifest.xml
uses-permission#android.permission.ACCESS_NETWORK_STATE
ADDED from src\main\AndroidManifest.xml:10:5-79
MERGED from [:giraffeplayer] AndroidManifest.xml:12:5-79
MERGED from [:giraffeplayer] AndroidManifest.xml:12:5-79
	android:name
		ADDED from src\main\AndroidManifest.xml:10:22-76
uses-permission#android.permission.INTERNET
ADDED from src\main\AndroidManifest.xml:11:5-67
MERGED from [:giraffeplayer] AndroidManifest.xml:11:5-67
MERGED from [:giraffeplayer] AndroidManifest.xml:11:5-67
	android:name
		ADDED from src\main\AndroidManifest.xml:11:22-64
uses-permission#android.permission.CAMERA
ADDED from src\main\AndroidManifest.xml:13:5-65
	android:name
		ADDED from src\main\AndroidManifest.xml:13:22-62
uses-permission#android.permission.WRITE_EXTERNAL_STORAGE
ADDED from src\main\AndroidManifest.xml:15:5-81
	android:name
		ADDED from src\main\AndroidManifest.xml:15:22-78
uses-permission#android.permission.MOUNT_UNMOUNT_FILESYSTEMS
ADDED from src\main\AndroidManifest.xml:16:5-17:47
	tools:ignore
		ADDED from src\main\AndroidManifest.xml:17:9-44
	android:name
		ADDED from src\main\AndroidManifest.xml:16:22-81
uses-permission#android.permission.VIBRATE
ADDED from src\main\AndroidManifest.xml:18:5-66
	android:name
		ADDED from src\main\AndroidManifest.xml:18:22-63
uses-permission#android.permission.READ_PHONE_STATE
ADDED from src\main\AndroidManifest.xml:19:5-75
	android:name
		ADDED from src\main\AndroidManifest.xml:19:22-72
uses-permission#android.permission.READ_EXTERNAL_STORAGE
ADDED from src\main\AndroidManifest.xml:20:5-80
	android:name
		ADDED from src\main\AndroidManifest.xml:20:22-77
uses-permission#android.permission.ACCESS_COARSE_LOCATION
ADDED from src\main\AndroidManifest.xml:22:5-81
	android:name
		ADDED from src\main\AndroidManifest.xml:22:22-78
uses-permission#android.permission.ACCESS_FINE_LOCATION
ADDED from src\main\AndroidManifest.xml:23:5-79
	android:name
		ADDED from src\main\AndroidManifest.xml:23:22-76
uses-permission#com.android.launcher.permission.READ_SETTINGS
ADDED from src\main\AndroidManifest.xml:25:5-85
	android:name
		ADDED from src\main\AndroidManifest.xml:25:22-82
uses-permission#android.permission.WAKE_LOCK
ADDED from src\main\AndroidManifest.xml:26:5-68
	android:name
		ADDED from src\main\AndroidManifest.xml:26:22-65
uses-permission#android.permission.CHANGE_WIFI_STATE
ADDED from src\main\AndroidManifest.xml:27:5-76
	android:name
		ADDED from src\main\AndroidManifest.xml:27:22-73
uses-permission#android.permission.ACCESS_WIFI_STATE
ADDED from src\main\AndroidManifest.xml:28:5-76
	android:name
		ADDED from src\main\AndroidManifest.xml:28:22-73
uses-permission#android.permission.WRITE_SETTINGS
ADDED from src\main\AndroidManifest.xml:29:5-30:47
	tools:ignore
		ADDED from src\main\AndroidManifest.xml:30:9-44
	android:name
		ADDED from src\main\AndroidManifest.xml:29:22-70
uses-permission#android.permission.CALL_PHONE
ADDED from src\main\AndroidManifest.xml:31:5-69
	android:name
		ADDED from src\main\AndroidManifest.xml:31:22-66
uses-permission#android.permission.READ_LOGS
ADDED from src\main\AndroidManifest.xml:32:5-33:47
	tools:ignore
		ADDED from src\main\AndroidManifest.xml:33:9-44
	android:name
		ADDED from src\main\AndroidManifest.xml:32:22-65
uses-permission#android.permission.GET_TASKS
ADDED from src\main\AndroidManifest.xml:35:5-68
	android:name
		ADDED from src\main\AndroidManifest.xml:35:22-65
uses-permission#android.permission.SET_DEBUG_APP
ADDED from src\main\AndroidManifest.xml:36:5-37:47
	tools:ignore
		ADDED from src\main\AndroidManifest.xml:37:9-44
	android:name
		ADDED from src\main\AndroidManifest.xml:36:22-69
uses-permission#android.permission.SYSTEM_ALERT_WINDOW
ADDED from src\main\AndroidManifest.xml:38:5-78
	android:name
		ADDED from src\main\AndroidManifest.xml:38:22-75
uses-permission#android.permission.GET_ACCOUNTS
ADDED from src\main\AndroidManifest.xml:39:5-71
	android:name
		ADDED from src\main\AndroidManifest.xml:39:22-68
uses-permission#android.permission.USE_CREDENTIALS
ADDED from src\main\AndroidManifest.xml:40:5-74
	android:name
		ADDED from src\main\AndroidManifest.xml:40:22-71
uses-permission#android.permission.MANAGE_ACCOUNTS
ADDED from src\main\AndroidManifest.xml:41:5-74
	android:name
		ADDED from src\main\AndroidManifest.xml:41:22-71
uses-permission#ANDROID.PERMISSION.WRITE_APN_SETTINGS
ADDED from src\main\AndroidManifest.xml:42:5-77
	android:name
		ADDED from src\main\AndroidManifest.xml:42:22-74
uses-permission#android.permission.RECORD_AUDIO
ADDED from src\main\AndroidManifest.xml:45:5-71
	android:name
		ADDED from src\main\AndroidManifest.xml:45:22-68
uses-permission#android.permission.READ_SETTINGS
ADDED from src\main\AndroidManifest.xml:46:5-72
	android:name
		ADDED from src\main\AndroidManifest.xml:46:22-69
application
ADDED from src\main\AndroidManifest.xml:48:5-517:19
MERGED from [:giraffeplayer] AndroidManifest.xml:14:5-22:19
MERGED from [:giraffeplayer] AndroidManifest.xml:14:5-22:19
MERGED from [com.jcodecraeer:xrecyclerview:1.3.2] AndroidManifest.xml:11:5-20
MERGED from [com.jcodecraeer:xrecyclerview:1.3.2] AndroidManifest.xml:11:5-20
MERGED from [com.android.support:design:23.4.0] AndroidManifest.xml:22:5-20
MERGED from [com.android.support:design:23.4.0] AndroidManifest.xml:22:5-20
MERGED from [com.github.danylovolokh:list-visibility-utils:0.2.0] AndroidManifest.xml:11:5-14:19
MERGED from [com.github.danylovolokh:list-visibility-utils:0.2.0] AndroidManifest.xml:11:5-14:19
MERGED from [com.android.support:appcompat-v7:24.1.1] AndroidManifest.xml:25:5-20
MERGED from [com.android.support:appcompat-v7:24.1.1] AndroidManifest.xml:25:5-20
MERGED from [com.android.support:animated-vector-drawable:24.1.1] AndroidManifest.xml:22:5-20
MERGED from [com.android.support:animated-vector-drawable:24.1.1] AndroidManifest.xml:22:5-20
MERGED from [com.android.support:support-vector-drawable:24.1.1] AndroidManifest.xml:23:5-20
MERGED from [com.android.support:support-vector-drawable:24.1.1] AndroidManifest.xml:23:5-20
MERGED from [com.android.support:support-v4:24.1.1] AndroidManifest.xml:25:5-20
MERGED from [com.android.support:support-v4:24.1.1] AndroidManifest.xml:25:5-20
MERGED from [com.android.support:cardview-v7:23.1.1] AndroidManifest.xml:22:5-20
MERGED from [com.android.support:cardview-v7:23.1.1] AndroidManifest.xml:22:5-20
MERGED from [com.github.wseemann:FFmpegMediaMetadataRetriever:1.0.11] AndroidManifest.xml:11:5-20
MERGED from [com.github.wseemann:FFmpegMediaMetadataRetriever:1.0.11] AndroidManifest.xml:11:5-20
MERGED from [com.android.support.constraint:constraint-layout:1.0.2] AndroidManifest.xml:9:5-20
MERGED from [com.android.support.constraint:constraint-layout:1.0.2] AndroidManifest.xml:9:5-20
	android:supportsRtl
		ADDED from src\main\AndroidManifest.xml:53:9-35
	android:label
		ADDED from src\main\AndroidManifest.xml:52:9-41
	android:icon
		ADDED from src\main\AndroidManifest.xml:51:9-45
	android:allowBackup
		ADDED from src\main\AndroidManifest.xml:50:9-35
	android:theme
		ADDED from src\main\AndroidManifest.xml:54:9-45
	android:name
		ADDED from src\main\AndroidManifest.xml:49:9-49
meta-data#com.baidu.lbsapi.API_KEY
ADDED from src\main\AndroidManifest.xml:57:9-59:56
	android:value
		ADDED from src\main\AndroidManifest.xml:59:13-53
	android:name
		ADDED from src\main\AndroidManifest.xml:58:13-52
service#com.baidu.location.f
ADDED from src\main\AndroidManifest.xml:61:9-68:19
	android:process
		ADDED from src\main\AndroidManifest.xml:64:13-38
	android:enabled
		ADDED from src\main\AndroidManifest.xml:63:13-35
	android:name
		ADDED from src\main\AndroidManifest.xml:62:13-48
intent-filter#action:name:com.baidu.location.service_v2.2
ADDED from src\main\AndroidManifest.xml:65:13-67:29
action#com.baidu.location.service_v2.2
ADDED from src\main\AndroidManifest.xml:66:17-74
	android:name
		ADDED from src\main\AndroidManifest.xml:66:25-71
activity#net.shopnc.b2b2c.android.WelcomeActivity
ADDED from src\main\AndroidManifest.xml:70:9-88:20
	android:screenOrientation
		ADDED from src\main\AndroidManifest.xml:74:13-47
	android:label
		ADDED from src\main\AndroidManifest.xml:73:13-45
	android:configChanges
		ADDED from src\main\AndroidManifest.xml:72:13-74
	android:name
		ADDED from src\main\AndroidManifest.xml:71:13-44
intent-filter#action:name:android.intent.action.MAIN+category:name:android.intent.category.LAUNCHER
ADDED from src\main\AndroidManifest.xml:75:13-79:29
action#android.intent.action.MAIN
ADDED from src\main\AndroidManifest.xml:76:17-69
	android:name
		ADDED from src\main\AndroidManifest.xml:76:25-66
category#android.intent.category.LAUNCHER
ADDED from src\main\AndroidManifest.xml:78:17-77
	android:name
		ADDED from src\main\AndroidManifest.xml:78:27-74
intent-filter#action:name:android.intent.action.VIEW+category:name:android.intent.category.BROWSABLE+category:name:android.intent.category.DEFAULT+data:scheme:znn
ADDED from src\main\AndroidManifest.xml:80:13-87:29
action#android.intent.action.VIEW
ADDED from src\main\AndroidManifest.xml:81:17-69
	android:name
		ADDED from src\main\AndroidManifest.xml:81:25-66
category#android.intent.category.DEFAULT
ADDED from src\main\AndroidManifest.xml:83:17-76
	android:name
		ADDED from src\main\AndroidManifest.xml:83:27-73
category#android.intent.category.BROWSABLE
ADDED from src\main\AndroidManifest.xml:84:17-78
	android:name
		ADDED from src\main\AndroidManifest.xml:84:27-75
data
ADDED from src\main\AndroidManifest.xml:86:17-46
	android:scheme
		ADDED from src\main\AndroidManifest.xml:86:23-43
activity#net.shopnc.b2b2c.android.MainFragmentManager
ADDED from src\main\AndroidManifest.xml:89:9-93:58
	android:screenOrientation
		ADDED from src\main\AndroidManifest.xml:92:13-49
	android:launchMode
		ADDED from src\main\AndroidManifest.xml:91:13-44
	android:windowSoftInputMode
		ADDED from src\main\AndroidManifest.xml:93:13-55
	android:name
		ADDED from src\main\AndroidManifest.xml:90:13-48
activity#net.shopnc.b2b2c.android.ui.home.SubjectWebActivity
ADDED from src\main\AndroidManifest.xml:94:9-97:58
	android:screenOrientation
		ADDED from src\main\AndroidManifest.xml:96:13-49
	android:windowSoftInputMode
		ADDED from src\main\AndroidManifest.xml:97:13-55
	android:name
		ADDED from src\main\AndroidManifest.xml:95:13-55
activity#net.shopnc.b2b2c.android.ui.home.LotteryWebActivity
ADDED from src\main\AndroidManifest.xml:98:9-101:58
	android:screenOrientation
		ADDED from src\main\AndroidManifest.xml:100:13-49
	android:windowSoftInputMode
		ADDED from src\main\AndroidManifest.xml:101:13-55
	android:name
		ADDED from src\main\AndroidManifest.xml:99:13-55
activity#net.shopnc.b2b2c.android.ui.mine.OrderListActivity
ADDED from src\main\AndroidManifest.xml:102:9-105:58
	android:screenOrientation
		ADDED from src\main\AndroidManifest.xml:104:13-49
	android:windowSoftInputMode
		ADDED from src\main\AndroidManifest.xml:105:13-55
	android:name
		ADDED from src\main\AndroidManifest.xml:103:13-54
activity#net.shopnc.b2b2c.android.ui.mine.PayMentWebActivity
ADDED from src\main\AndroidManifest.xml:106:9-109:58
	android:screenOrientation
		ADDED from src\main\AndroidManifest.xml:108:13-49
	android:windowSoftInputMode
		ADDED from src\main\AndroidManifest.xml:109:13-55
	android:name
		ADDED from src\main\AndroidManifest.xml:107:13-55
activity#net.shopnc.b2b2c.android.ui.type.VBuyStep1Activity
ADDED from src\main\AndroidManifest.xml:110:9-113:58
	android:screenOrientation
		ADDED from src\main\AndroidManifest.xml:112:13-49
	android:windowSoftInputMode
		ADDED from src\main\AndroidManifest.xml:113:13-55
	android:name
		ADDED from src\main\AndroidManifest.xml:111:13-54
activity#net.shopnc.b2b2c.android.ui.mine.OrderDeliverDetailsActivity
ADDED from src\main\AndroidManifest.xml:114:9-117:58
	android:screenOrientation
		ADDED from src\main\AndroidManifest.xml:116:13-49
	android:windowSoftInputMode
		ADDED from src\main\AndroidManifest.xml:117:13-55
	android:name
		ADDED from src\main\AndroidManifest.xml:115:13-64
activity#net.shopnc.b2b2c.android.ui.mine.VirtualListActivity
ADDED from src\main\AndroidManifest.xml:118:9-121:58
	android:screenOrientation
		ADDED from src\main\AndroidManifest.xml:120:13-49
	android:windowSoftInputMode
		ADDED from src\main\AndroidManifest.xml:121:13-55
	android:name
		ADDED from src\main\AndroidManifest.xml:119:13-56
activity#net.shopnc.b2b2c.android.ui.mine.IMHistoryListActivity
ADDED from src\main\AndroidManifest.xml:122:9-125:58
	android:screenOrientation
		ADDED from src\main\AndroidManifest.xml:124:13-49
	android:windowSoftInputMode
		ADDED from src\main\AndroidManifest.xml:125:13-55
	android:name
		ADDED from src\main\AndroidManifest.xml:123:13-58
activity#net.shopnc.b2b2c.android.ui.mine.RegisteredActivity
ADDED from src\main\AndroidManifest.xml:126:9-129:58
	android:screenOrientation
		ADDED from src\main\AndroidManifest.xml:128:13-49
	android:windowSoftInputMode
		ADDED from src\main\AndroidManifest.xml:129:13-55
	android:name
		ADDED from src\main\AndroidManifest.xml:127:13-55
activity#net.shopnc.b2b2c.android.ui.mine.RegisterMemberDocumentActivity
ADDED from src\main\AndroidManifest.xml:130:9-133:58
	android:screenOrientation
		ADDED from src\main\AndroidManifest.xml:132:13-49
	android:windowSoftInputMode
		ADDED from src\main\AndroidManifest.xml:133:13-55
	android:name
		ADDED from src\main\AndroidManifest.xml:131:13-67
activity#net.shopnc.b2b2c.android.ui.mine.IMFriendsListActivity
ADDED from src\main\AndroidManifest.xml:134:9-137:58
	android:screenOrientation
		ADDED from src\main\AndroidManifest.xml:136:13-49
	android:windowSoftInputMode
		ADDED from src\main\AndroidManifest.xml:137:13-55
	android:name
		ADDED from src\main\AndroidManifest.xml:135:13-58
activity#net.shopnc.b2b2c.android.ui.mine.FeekBaskActivity
ADDED from src\main\AndroidManifest.xml:138:9-141:58
	android:screenOrientation
		ADDED from src\main\AndroidManifest.xml:140:13-49
	android:windowSoftInputMode
		ADDED from src\main\AndroidManifest.xml:141:13-55
	android:name
		ADDED from src\main\AndroidManifest.xml:139:13-53
activity#net.shopnc.b2b2c.android.ui.mine.IMSendMsgActivity
ADDED from src\main\AndroidManifest.xml:142:9-145:58
	android:screenOrientation
		ADDED from src\main\AndroidManifest.xml:144:13-49
	android:windowSoftInputMode
		ADDED from src\main\AndroidManifest.xml:145:13-55
	android:name
		ADDED from src\main\AndroidManifest.xml:143:13-54
activity#net.shopnc.b2b2c.android.ui.mine.HelpActivity
ADDED from src\main\AndroidManifest.xml:146:9-149:58
	android:screenOrientation
		ADDED from src\main\AndroidManifest.xml:148:13-49
	android:windowSoftInputMode
		ADDED from src\main\AndroidManifest.xml:149:13-55
	android:name
		ADDED from src\main\AndroidManifest.xml:147:13-49
activity#net.shopnc.b2b2c.android.ui.mine.FavStoreListActivity
ADDED from src\main\AndroidManifest.xml:150:9-153:58
	android:screenOrientation
		ADDED from src\main\AndroidManifest.xml:152:13-49
	android:windowSoftInputMode
		ADDED from src\main\AndroidManifest.xml:153:13-55
	android:name
		ADDED from src\main\AndroidManifest.xml:151:13-57
activity#net.shopnc.b2b2c.android.ui.home.SearchActivity
ADDED from src\main\AndroidManifest.xml:154:9-157:58
	android:screenOrientation
		ADDED from src\main\AndroidManifest.xml:156:13-49
	android:windowSoftInputMode
		ADDED from src\main\AndroidManifest.xml:157:13-55
	android:name
		ADDED from src\main\AndroidManifest.xml:155:13-51
activity#net.shopnc.b2b2c.android.ui.type.TwoTypeActivity
ADDED from src\main\AndroidManifest.xml:158:9-161:58
	android:screenOrientation
		ADDED from src\main\AndroidManifest.xml:160:13-49
	android:windowSoftInputMode
		ADDED from src\main\AndroidManifest.xml:161:13-55
	android:name
		ADDED from src\main\AndroidManifest.xml:159:13-52
activity#net.shopnc.b2b2c.android.ui.type.GoodsListFragmentManager
ADDED from src\main\AndroidManifest.xml:162:9-166:58
	android:screenOrientation
		ADDED from src\main\AndroidManifest.xml:164:13-49
	android:windowSoftInputMode
		ADDED from src\main\AndroidManifest.xml:166:13-55
	android:theme
		ADDED from src\main\AndroidManifest.xml:165:13-46
	android:name
		ADDED from src\main\AndroidManifest.xml:163:13-61
activity#net.shopnc.b2b2c.android.ui.type.GoodsDetailsActivity
ADDED from src\main\AndroidManifest.xml:167:9-170:58
	android:screenOrientation
		ADDED from src\main\AndroidManifest.xml:169:13-49
	android:windowSoftInputMode
		ADDED from src\main\AndroidManifest.xml:170:13-55
	android:name
		ADDED from src\main\AndroidManifest.xml:168:13-57
activity#net.shopnc.b2b2c.android.ui.type.TuWenActivity
ADDED from src\main\AndroidManifest.xml:171:9-174:58
	android:screenOrientation
		ADDED from src\main\AndroidManifest.xml:173:13-49
	android:windowSoftInputMode
		ADDED from src\main\AndroidManifest.xml:174:13-55
	android:name
		ADDED from src\main\AndroidManifest.xml:172:13-50
activity#net.shopnc.b2b2c.android.ui.type.GoodsParamActivity
ADDED from src\main\AndroidManifest.xml:175:9-178:58
	android:screenOrientation
		ADDED from src\main\AndroidManifest.xml:177:13-49
	android:windowSoftInputMode
		ADDED from src\main\AndroidManifest.xml:178:13-55
	android:name
		ADDED from src\main\AndroidManifest.xml:176:13-55
activity#net.shopnc.b2b2c.android.ui.type.SpecActivity
ADDED from src\main\AndroidManifest.xml:179:9-182:58
	android:screenOrientation
		ADDED from src\main\AndroidManifest.xml:181:13-49
	android:windowSoftInputMode
		ADDED from src\main\AndroidManifest.xml:182:13-55
	android:name
		ADDED from src\main\AndroidManifest.xml:180:13-49
activity#net.shopnc.b2b2c.android.ui.mine.LoginActivity
ADDED from src\main\AndroidManifest.xml:183:9-186:58
	android:screenOrientation
		ADDED from src\main\AndroidManifest.xml:185:13-49
	android:windowSoftInputMode
		ADDED from src\main\AndroidManifest.xml:186:13-55
	android:name
		ADDED from src\main\AndroidManifest.xml:184:13-50
activity#net.shopnc.b2b2c.android.ui.mine.FavGoodsListActivity
ADDED from src\main\AndroidManifest.xml:187:9-190:58
	android:screenOrientation
		ADDED from src\main\AndroidManifest.xml:189:13-49
	android:windowSoftInputMode
		ADDED from src\main\AndroidManifest.xml:190:13-55
	android:name
		ADDED from src\main\AndroidManifest.xml:188:13-57
activity#net.shopnc.b2b2c.android.ui.mine.SettingActivity
ADDED from src\main\AndroidManifest.xml:191:9-194:58
	android:screenOrientation
		ADDED from src\main\AndroidManifest.xml:193:13-49
	android:windowSoftInputMode
		ADDED from src\main\AndroidManifest.xml:194:13-55
	android:name
		ADDED from src\main\AndroidManifest.xml:192:13-52
activity#net.shopnc.b2b2c.android.ui.mine.AboutActivity
ADDED from src\main\AndroidManifest.xml:195:9-198:58
	android:screenOrientation
		ADDED from src\main\AndroidManifest.xml:197:13-49
	android:windowSoftInputMode
		ADDED from src\main\AndroidManifest.xml:198:13-55
	android:name
		ADDED from src\main\AndroidManifest.xml:196:13-50
activity#net.shopnc.b2b2c.android.ui.mine.VoucherListActivity
ADDED from src\main\AndroidManifest.xml:199:9-202:58
	android:screenOrientation
		ADDED from src\main\AndroidManifest.xml:201:13-49
	android:windowSoftInputMode
		ADDED from src\main\AndroidManifest.xml:202:13-55
	android:name
		ADDED from src\main\AndroidManifest.xml:200:13-56
activity#net.shopnc.b2b2c.android.ui.mine.PasswordUnbundlingActivity
ADDED from src\main\AndroidManifest.xml:203:9-206:58
	android:screenOrientation
		ADDED from src\main\AndroidManifest.xml:205:13-49
	android:windowSoftInputMode
		ADDED from src\main\AndroidManifest.xml:206:13-55
	android:name
		ADDED from src\main\AndroidManifest.xml:204:13-63
activity#net.shopnc.b2b2c.android.ui.type.BuyStep1Activity
ADDED from src\main\AndroidManifest.xml:207:9-210:58
	android:screenOrientation
		ADDED from src\main\AndroidManifest.xml:209:13-49
	android:windowSoftInputMode
		ADDED from src\main\AndroidManifest.xml:210:13-55
	android:name
		ADDED from src\main\AndroidManifest.xml:208:13-53
activity#net.shopnc.b2b2c.android.ui.type.AddressListActivity
ADDED from src\main\AndroidManifest.xml:211:9-214:58
	android:screenOrientation
		ADDED from src\main\AndroidManifest.xml:213:13-49
	android:windowSoftInputMode
		ADDED from src\main\AndroidManifest.xml:214:13-55
	android:name
		ADDED from src\main\AndroidManifest.xml:212:13-56
activity#net.shopnc.b2b2c.android.ui.type.InvoiceListActivity
ADDED from src\main\AndroidManifest.xml:215:9-218:58
	android:screenOrientation
		ADDED from src\main\AndroidManifest.xml:217:13-49
	android:windowSoftInputMode
		ADDED from src\main\AndroidManifest.xml:218:13-55
	android:name
		ADDED from src\main\AndroidManifest.xml:216:13-56
activity#net.shopnc.b2b2c.android.ui.type.AddressADDActivity
ADDED from src\main\AndroidManifest.xml:219:9-222:58
	android:screenOrientation
		ADDED from src\main\AndroidManifest.xml:221:13-49
	android:windowSoftInputMode
		ADDED from src\main\AndroidManifest.xml:222:13-55
	android:name
		ADDED from src\main\AndroidManifest.xml:220:13-55
activity#net.shopnc.b2b2c.android.ui.store.StoreSearchActivity
ADDED from src\main\AndroidManifest.xml:223:9-226:58
	android:screenOrientation
		ADDED from src\main\AndroidManifest.xml:225:13-49
	android:windowSoftInputMode
		ADDED from src\main\AndroidManifest.xml:226:13-55
	android:name
		ADDED from src\main\AndroidManifest.xml:224:13-57
activity#net.shopnc.b2b2c.android.bracode.ui.CaptureActivity
ADDED from src\main\AndroidManifest.xml:227:9-230:58
	android:screenOrientation
		ADDED from src\main\AndroidManifest.xml:229:13-49
	android:windowSoftInputMode
		ADDED from src\main\AndroidManifest.xml:230:13-55
	android:name
		ADDED from src\main\AndroidManifest.xml:228:13-55
receiver#net.shopnc.b2b2c.android.common.AppRegister
ADDED from src\main\AndroidManifest.xml:232:9-236:20
	android:name
		ADDED from src\main\AndroidManifest.xml:232:19-53
intent-filter#action:name:com.tencent.mm.plugin.openapi.Intent.ACTION_REFRESH_WXAPP
ADDED from src\main\AndroidManifest.xml:233:13-235:29
action#com.tencent.mm.plugin.openapi.Intent.ACTION_REFRESH_WXAPP
ADDED from src\main\AndroidManifest.xml:234:17-100
	android:name
		ADDED from src\main\AndroidManifest.xml:234:25-97
activity#net.shopnc.b2b2c.android.BrandActivity
ADDED from src\main\AndroidManifest.xml:238:9-240:60
	android:label
		ADDED from src\main\AndroidManifest.xml:240:13-57
	android:name
		ADDED from src\main\AndroidManifest.xml:239:13-42
activity#net.shopnc.b2b2c.android.ui.mine.RegisterMobileActivity
ADDED from src\main\AndroidManifest.xml:241:9-243:70
	android:label
		ADDED from src\main\AndroidManifest.xml:243:13-67
	android:name
		ADDED from src\main\AndroidManifest.xml:242:13-59
activity#net.shopnc.b2b2c.android.ui.mine.RegisterMobileStep2Activity
ADDED from src\main\AndroidManifest.xml:244:9-246:76
	android:label
		ADDED from src\main\AndroidManifest.xml:246:13-73
	android:name
		ADDED from src\main\AndroidManifest.xml:245:13-64
activity#net.shopnc.b2b2c.android.ui.mine.RegisterMobileStep3Activity
ADDED from src\main\AndroidManifest.xml:247:9-249:76
	android:label
		ADDED from src\main\AndroidManifest.xml:249:13-73
	android:name
		ADDED from src\main\AndroidManifest.xml:248:13-64
activity#net.shopnc.b2b2c.android.ui.type.ImageSwitchActivity
ADDED from src\main\AndroidManifest.xml:250:9-253:56
	android:label
		ADDED from src\main\AndroidManifest.xml:252:13-64